\BOOKMARK [1][-]{section.1}{Introduction}{}% 1
\BOOKMARK [1][-]{section.2}{Methods}{}% 2
\BOOKMARK [2][-]{subsection.2.1}{Model}{section.2}% 3
\BOOKMARK [2][-]{subsection.2.2}{Data}{section.2}% 4
\BOOKMARK [2][-]{subsection.2.3}{Conceptors}{section.2}% 5
\BOOKMARK [2][-]{subsection.2.4}{Abstraction Ordering}{section.2}% 6
\BOOKMARK [2][-]{subsection.2.5}{Graph Optimization}{section.2}% 7
\BOOKMARK [1][-]{section.3}{Results}{}% 8
\BOOKMARK [1][-]{section.4}{Discussion}{}% 9
\BOOKMARK [2][-]{subsection.4.1}{Potential issues}{section.4}% 10
\BOOKMARK [3][-]{subsubsection.4.1.1}{The same symbols can represent different concepts.}{subsection.4.1}% 11
\BOOKMARK [3][-]{subsubsection.4.1.2}{State clouds are non-linear.}{subsection.4.1}% 12
\BOOKMARK [3][-]{subsubsection.4.1.3}{NSC requires many exemplars.}{subsection.4.1}% 13
\BOOKMARK [3][-]{subsubsection.4.1.4}{NSC is influenced by the choice of auxiliary data.}{subsection.4.1}% 14
\BOOKMARK [2][-]{subsection.4.2}{Future work}{section.4}% 15
\BOOKMARK [3][-]{subsubsection.4.2.1}{Improved noise robustness}{subsection.4.2}% 16
\BOOKMARK [3][-]{subsubsection.4.2.2}{Improved graph optimization scalability}{subsection.4.2}% 17
\BOOKMARK [3][-]{subsubsection.4.2.3}{Beyond abstraction ordering}{subsection.4.2}% 18
\BOOKMARK [3][-]{subsubsection.4.2.4}{Beyond token embeddings}{subsection.4.2}% 19
\BOOKMARK [3][-]{subsubsection.4.2.5}{Alternative abstraction heuristics}{subsection.4.2}% 20
